# 2ª consulta mais custosa (tempo): Questão 9 

### Query Inicial:

``` sql
    SELECT 
        e.dep_id, e.nome, e.salario, 
        cast(AVG(salario) over(partition by dep_id) AS integer) 
    FROM empregados e;
```

### Tempo gasto na Consulta 

    Execution Time: 5911.693 ms
    Execution Time: 5971.095 ms
    Execution Time: 5887.988 ms
    Execution Time: 5918.717 ms
    Execution Time: 5888.053 ms

### Query Plan capturado com cache vazio

``` sql
                                                                QUERY PLAN                                                                 
-------------------------------------------------------------------------------------------------------------------------------------------
 WindowAgg  (cost=1671419.83..1871419.83 rows=10000000 width=19) (actual time=2641.943..5377.822 rows=10000000 loops=1)
   Buffers: shared hit=3 read=66942, temp read=126165 written=100069
   ->  Sort  (cost=1671419.83..1696419.83 rows=10000000 width=15) (actual time=2587.805..3165.160 rows=10000000 loops=1)
         Sort Key: dep_id
         Sort Method: external merge  Disk: 266432kB
         Buffers: shared hit=3 read=66942, temp read=66603 written=66808
         ->  Seq Scan on empregados e  (cost=0.00..166942.00 rows=10000000 width=15) (actual time=326.204..1020.563 rows=10000000 loops=1)
               Buffers: shared read=66942
 Planning:
   Buffers: shared hit=34 read=15
 Planning Time: 6.475 ms
 JIT:
   Functions: 7
   Options: Inlining true, Optimization true, Expressions true, Deforming true
   Timing: Generation 3.258 ms, Inlining 78.673 ms, Optimization 117.877 ms, Emission 128.468 ms, Total 328.276 ms
 Execution Time: 5888.053 ms
(16 rows)
```

### Média e Desvio padrão de 5 execuções com os buffers limpos:

| Média Aritmética | Desvio Padrão | Unidade Medida |
|:--------:|:-------------:|:------|
| 5915.50919 |  34.00696 | ms |

### Explicando Plano de Consulta:

```
->  Seq Scan on empregados e
->  Sort
        Sort Key: dep_id
        Sort Method: external merge  Disk: 266432kB
 WindowAgg
```

#### Descrições:

1. Seq Scan na tabela `empregados` retorna todos os empregados cadastrados para o apelido `e`;
2. Acontece uma ordenação pelo campo `dep_id` dos registros;
3. A Window Function é então aplicada. Essa função é causada pelo statement `OVER` na Query;

#### Observações:

- É possível notar em (1 ^ 2 ^ 3) grande quantidade de informações sendo buscadas no disco
- Em (2) os registros são ordenados usando o método `external merge Disk`, o que é indício de pouca memória disponível para a operação.

### Tentativas de melhoria

Resumo: 
- Alteração em `parâmetros` do SGBD;
- Criação de `índices`;

Alterando PostgreSQL configuration file:

```bash
sudo vim /var/lib/postgres/data/postgresql.conf
```

| Parameter | Old/Default value | New Value |
|:--------:|:-------------:|:------|
| work_mem | 4MB | 1GB |

Novo índice criado para a Tabela `empregados`:

```sql 
CREATE INDEX dep_id_empregados ON empregados (dep_id);
```

Clusterizando a Tabela pelo novo índice:
```sql
CLUSTER empregados USING dep_id_empregados ;
```

### Resultados encontrados

```sql
                                                                          QUERY PLAN                                                                           
---------------------------------------------------------------------------------------------------------------------------------------------------------------
 WindowAgg  (cost=0.43..626344.94 rows=10000000 width=19) (actual time=414.439..4260.571 rows=10000000 loops=1)
   Buffers: shared read=75364
   ->  Index Scan using dep_id_empregados on empregados e  (cost=0.43..451344.94 rows=10000000 width=15) (actual time=327.921..1716.591 rows=10000000 loops=1)
         Buffers: shared read=75364
 Planning:
   Buffers: shared hit=44 read=18
 Planning Time: 7.837 ms
 JIT:
   Functions: 7
   Options: Inlining true, Optimization true, Expressions true, Deforming true
   Timing: Generation 2.901 ms, Inlining 82.653 ms, Optimization 116.748 ms, Emission 126.764 ms, Total 329.066 ms
 Execution Time: 4742.907 ms
(11 rows)
```

Resumo Descrição/Observações:

```
-> Index Scan using dep_id_empregados on empregados e
-> WindowAgg
```

1. Pode-se notar uma clara diminuição na quantidade de operações para obter o resultado final.
2. Não faz mais operação de ordenação.

### Tempo gasto na nova Consulta 

    Execution Time: 4576.916 ms
    Execution Time: 4711.488 ms
    Execution Time: 4739.354 ms
    Execution Time: 4736.044 ms
    Execution Time: 4742.907 ms

### Média e Desvio padrão de 5 execuções com os buffers limpos:

| Média Aritmética | Desvio Padrão | Unidade Medida |
|:--------:|:-------------:|:------|
| 4701.3418 | 70.64269 | ms |
