# 3ª consulta mais custosa (tempo): Questão 7

### Query Inicial:

``` sql
    SELECT distinct 
        sum(e.salario) over(partition by d.dep_id), d.nome 
    FROM empregados e 
    JOIN departamentos d 
    ON e.dep_id = d.dep_id 
    ORDER BY sum;
 ```

### Tempo gasto na Consulta 

    Execution Time: 7564.615 ms
    Execution Time: 7284.495 ms
    Execution Time: 7455.624 ms
    Execution Time: 7537.207 ms
    Execution Time: 7607.683 ms

### Query Plan capturado com cache vazio

``` sql
                                                                          QUERY PLAN                                                                           
---------------------------------------------------------------------------------------------------------------------------------------------------------------
 Sort  (cost=1975815.06..1975819.51 rows=1780 width=25) (actual time=7326.466..7326.469 rows=32 loops=1)
   Sort Key: (sum(e.salario) OVER (?))
   Sort Method: quicksort  Memory: 27kB
   Buffers: shared hit=3 read=66944, temp read=111693 written=102850
   ->  HashAggregate  (cost=1975701.16..1975718.96 rows=1780 width=25) (actual time=7326.395..7326.404 rows=32 loops=1)
         Group Key: sum(e.salario) OVER (?), d.nome
         Batches: 1  Memory Usage: 73kB
         Buffers: shared read=66944, temp read=111693 written=102850
         ->  WindowAgg  (cost=1603061.00..1925701.16 rows=10000000 width=25) (actual time=2635.109..6492.977 rows=9696700 loops=1)
               Buffers: shared read=66944, temp read=111693 written=102850
               ->  Merge Join  (cost=1603061.00..1775701.16 rows=10000000 width=21) (actual time=2529.297..4417.148 rows=9696700 loops=1)
                     Merge Cond: (d.dep_id = e.dep_id)
                     Buffers: shared read=66944, temp read=43418 written=65534
                     ->  Sort  (cost=2.16..2.24 rows=33 width=17) (actual time=386.517..386.528 rows=33 loops=1)
                           Sort Key: d.dep_id
                           Sort Method: quicksort  Memory: 26kB
                           Buffers: shared read=1
                           ->  Seq Scan on departamentos d  (cost=0.00..1.33 rows=33 width=17) (actual time=386.477..386.482 rows=33 loops=1)
                                 Buffers: shared read=1
                     ->  Materialize  (cost=1603058.83..1653058.83 rows=10000000 width=8) (actual time=2142.751..3402.170 rows=9696701 loops=1)
                           Buffers: shared read=66943, temp read=43418 written=65534
                           ->  Sort  (cost=1603058.83..1628058.83 rows=10000000 width=8) (actual time=2142.747..2658.243 rows=9696701 loops=1)
                                 Sort Key: e.dep_id
                                 Sort Method: external merge  Disk: 176200kB
                                 Buffers: shared read=66943, temp read=43418 written=44228
                                 ->  Seq Scan on empregados e  (cost=0.00..166943.00 rows=10000000 width=8) (actual time=0.954..959.785 rows=10000000 loops=1)
                                       Buffers: shared read=66943
 Planning:
   Buffers: shared hit=72 read=19
 Planning Time: 7.519 ms
 JIT:
   Functions: 21
   Options: Inlining true, Optimization true, Expressions true, Deforming true
   Timing: Generation 4.279 ms, Inlining 84.503 ms, Optimization 147.880 ms, Emission 153.672 ms, Total 390.335 ms
 Execution Time: 7607.683 ms
(35 rows)
```

### Média e Desvio padrão de 5 execuções com os buffers limpos:

| Média Aritmética | Desvio Padrão | Unidade Medida |
|:--------:|:-------------:|:------|
| 7489.92480 |  127.53349 | ms |

### Explicando Plano de Consulta:

```
->  Seq Scan on departamentos d
->  Sort
        Sort Key: d.dep_id
        Sort Method: quicksort  Memory: 26kB
->  Seq Scan on empregados e 
->  Sort 
        Sort Key: e.dep_id
        Sort Method: external merge  Disk: 176200kB
->  Materialize
->  Merge Join
        Merge Cond: (d.dep_id = e.dep_id)
->  WindowAgg
->  HashAggregate
        Group Key: sum(e.salario) OVER (?), d.nome
->  Sort
        Sort Key: (sum(e.salario) OVER (?))
        Sort Method: quicksort  Memory: 27kB
```

#### Descrições:

1. Seq Scan na tabela `departamentos` retorna todos os departamentos cadastrados para o apelido `d`;
2. Os registros são então ordenados pela coluna `dep_id`, que é chave primária de `departamentos`;
3. Seq Scan na tabela `empregados` retorna todos os empregados cadastrados para o apelido `e`;
4. Registros são então ordenados pela coluna `dep_id`;
5. É materializada o resultado da leitura de `e` ordenado por `dep_id`;
6. Acontece um `JOIN`, entre os registros ordenados de `d` e a tabela materializada de `e`;
7. A Window Function é então aplicada. Essa função é causada pelo statement `OVER` na Query;
8. As tuplas sofrem uma operação de `GROUP BY` por todas as colunas usando uma `hash table` -> distinct;
9. Os dados resultantes são ordenados pela `sum` dos salários de cada departamento;

#### Observações:

- É possível notar em (1 ^ 3) Seq Scans sobre tabelas diferentes. Apesar disso, os tempos de início das operações se sobrepõem - elas parecem acontecer simultaneamente.
- A ordenação em (4) é feita usando `external merge Disk` que é indício de pouca memória disponível para a operação.
- Em várias operações os dados são manipulados no disco.
- Em (6) o agoritmo usado para fazer o `JOIN` é o `Merge Join`

### Tentativas de melhoria

Resumo: 
- Criação de `índices`;
- Alteração em `parâmetros` do SGBD;

Novos índices criado para a Tabela `empregados` e `departamentos`:

```sql 
CREATE INDEX dep_id_empregados ON empregados (dep_id);
CREATE INDEX dep_id_departamentos ON departamentos (dep_id);
```

```sql 
CLUSTER empregados USING dep_id_empregados ;
CLUSTER departamentos USING dep_id_departamentos;
```

Alterando PostgreSQL configuration file:

```bash
sudo vim /var/lib/postgres/data/postgresql.conf
```

| Parameter | Old/Default value | New Value |
|:--------:|:-------------:|:------|
| work_mem | 4MB | 500MB |
| random_page_cost | 4.0 | 1.0 |

* Tentativas de modificação na `query` apresentaram `mudanças significativas` de performance.

### Resultados encontrados

#### Com antiga query, indexes clusterizados e as alterações no SGBD:

```sql
                                                                                 QUERY PLAN                                                                                  
-----------------------------------------------------------------------------------------------------------------------------------------------------------------------------
 Sort  (cost=542644.60..542649.05 rows=1780 width=25) (actual time=4745.520..4745.522 rows=32 loops=1)
   Sort Key: (sum(e.salario) OVER (?))
   Sort Method: quicksort  Memory: 27kB
   Buffers: shared hit=5 read=73079
   ->  HashAggregate  (cost=542530.70..542548.50 rows=1780 width=25) (actual time=4745.421..4745.430 rows=32 loops=1)
         Group Key: sum(e.salario) OVER (?), d.nome
         Batches: 1  Memory Usage: 73kB
         Buffers: shared hit=2 read=73079
         ->  WindowAgg  (cost=0.57..492530.70 rows=10000000 width=25) (actual time=459.028..3927.790 rows=9696700 loops=1)
               Buffers: shared hit=2 read=73079
               ->  Merge Join  (cost=0.57..342530.70 rows=10000000 width=21) (actual time=359.810..2069.666 rows=9696700 loops=1)
                     Merge Cond: (d.dep_id = e.dep_id)
                     Buffers: shared hit=2 read=73079
                     ->  Index Scan using dep_id_departamentos on departamentos d  (cost=0.14..3.64 rows=33 width=17) (actual time=0.029..0.047 rows=33 loops=1)
                           Buffers: shared hit=2
                     ->  Index Scan using dep_id_empregados on empregados e  (cost=0.43..225406.43 rows=10000000 width=8) (actual time=1.427..1009.488 rows=9696701 loops=1)
                           Buffers: shared read=73079
 Planning:
   Buffers: shared hit=96 read=25
 Planning Time: 7.624 ms
 JIT:
   Functions: 17
   Options: Inlining true, Optimization true, Expressions true, Deforming true
   Timing: Generation 3.839 ms, Inlining 81.954 ms, Optimization 142.846 ms, Emission 133.573 ms, Total 362.211 ms
 Execution Time: 4997.779 ms
(25 rows)
```

Resumo Descrição/Observações:

```
->  Index Scan using dep_id_departamentos on departamentos d
->  Index Scan using dep_id_empregados on empregados e 
->  Merge Join
        Merge Cond: (d.dep_id = e.dep_id)
->  HashAggregate
        Group Key: sum(e.salario) OVER (?), d.nome
        Batches: 1  Memory Usage: 73kB
->  Sort
        Sort Key: (sum(e.salario) OVER (?))
        Sort Method: quicksort  Memory: 27kB
```

1. Pode-se notar uma clara diminuição na quantidade de operações para obter o resultado final.
2. A quantia de acessos ao disco diminuiu, visto o diminuição no número de `temp read` e `temp written`.
3. Evita Sequencial Scans e suas operações de ordenação, evita materializar uma tabela desnecessária.

#### Com nova query, indexes clusterizados e alterações no SGBD:

Nova query: 
```sql 
WITH s AS (
    SELECT
        e.dep_id, 
        SUM(e.salario)
    FROM empregados e 
    GROUP BY e.dep_id )

    SELECT 
        s.sum, d.nome 
    FROM departamentos d
    JOIN s ON d.dep_id = s.dep_id 
    WHERE d.dep_id = s.dep_id 
    ORDER BY sum;
```

```sql
                                                                                    QUERY PLAN                                                                                     
-----------------------------------------------------------------------------------------------------------------------------------------------------------------------------------
 Sort  (cost=130455.55..130455.63 rows=33 width=21) (actual time=1862.694..1877.868 rows=32 loops=1)
   Sort Key: s.sum
   Sort Method: quicksort  Memory: 27kB
   Buffers: shared hit=17 read=66944
   ->  Hash Join  (cost=130453.29..130454.72 rows=33 width=21) (actual time=1862.598..1877.776 rows=32 loops=1)
         Hash Cond: (d.dep_id = s.dep_id)
         Buffers: shared hit=14 read=66944
         ->  Seq Scan on departamentos d  (cost=0.00..1.33 rows=33 width=17) (actual time=0.430..0.432 rows=33 loops=1)
               Buffers: shared read=1
         ->  Hash  (cost=130452.88..130452.88 rows=33 width=12) (actual time=1862.128..1877.300 rows=33 loops=1)
               Buckets: 1024  Batches: 1  Memory Usage: 10kB
               Buffers: shared hit=14 read=66943
               ->  Subquery Scan on s  (cost=130444.19..130452.88 rows=33 width=12) (actual time=1862.097..1877.289 rows=33 loops=1)
                     Buffers: shared hit=14 read=66943
                     ->  Finalize GroupAggregate  (cost=130444.19..130452.55 rows=33 width=12) (actual time=1862.094..1877.283 rows=33 loops=1)
                           Group Key: e.dep_id
                           Buffers: shared hit=14 read=66943
                           ->  Gather Merge  (cost=130444.19..130451.89 rows=66 width=12) (actual time=1862.083..1877.265 rows=99 loops=1)
                                 Workers Planned: 2
                                 Workers Launched: 2
                                 Buffers: shared hit=14 read=66943
                                 ->  Sort  (cost=129444.16..129444.25 rows=33 width=12) (actual time=1845.420..1845.422 rows=33 loops=3)
                                       Sort Key: e.dep_id
                                       Sort Method: quicksort  Memory: 26kB
                                       Buffers: shared hit=14 read=66943
                                       Worker 0:  Sort Method: quicksort  Memory: 26kB
                                       Worker 1:  Sort Method: quicksort  Memory: 26kB
                                       ->  Partial HashAggregate  (cost=129443.00..129443.33 rows=33 width=12) (actual time=1845.391..1845.394 rows=33 loops=3)
                                             Group Key: e.dep_id
                                             Batches: 1  Memory Usage: 24kB
                                             Buffers: shared read=66943
                                             Worker 0:  Batches: 1  Memory Usage: 24kB
                                             Worker 1:  Batches: 1  Memory Usage: 24kB
                                             ->  Parallel Seq Scan on empregados e  (cost=0.00..108609.67 rows=4166667 width=8) (actual time=0.649..1449.908 rows=3333333 loops=3)
                                                   Buffers: shared read=66943
 Planning:
   Buffers: shared hit=81 read=23
 Planning Time: 9.527 ms
 JIT:
   Functions: 34
   Options: Inlining false, Optimization false, Expressions true, Deforming true
   Timing: Generation 4.301 ms, Inlining 0.000 ms, Optimization 9.701 ms, Emission 173.175 ms, Total 187.176 ms
 Execution Time: 2138.669 ms
(43 rows)
```


Resumo Descrição/Observações:

```
->  Parallel Seq Scan on empregados e
->  Partial HashAggregate
        Group Key: e.dep_id
        Batches: 1  Memory Usage: 24kB
        Worker 0:  Batches: 1  Memory Usage: 24kB
        Worker 1:  Batches: 1  Memory Usage: 24kB
->  Sort
        Sort Key: e.dep_id
        Sort Method: quicksort  Memory: 26kB
        Worker 0:  Sort Method: quicksort  Memory: 26kB
        Worker 1:  Sort Method: quicksort  Memory: 26kB
->  Gather Merge
        Workers Planned: 2
        Workers Launched: 2
->  Finalize GroupAggregate 
        Group Key: e.dep_id
->  Subquery Scan on s
->  Hash 
->  Seq Scan on departamentos d 
->  Hash Join 
        Hash Cond: (d.dep_id = s.dep_id)
->  Sort 
        Sort Key: s.sum
        Sort Method: quicksort  Memory: 27kB
```

- Apesar de aumentar o número de operações, essas operações são em maioria feitas em memória;
- `Parallel Seq Scan`: blocos da tabela são divididos entre os processos que estão cooperando. A saída da tabela continua sequencial pois um bloco é entregue por vez;
- `Partial HashAggregate`: performa `HashAggregate` nos blocos divididos da tabela da operação que está acontecendo em paralelo - `HashAggregate` performa um `Group By` usando uma hash table;
- `Gather Merge`: combina a saída do nó filho (que executa em paralelo), no caso, o `Partial HashAggregate`;
- `Finalize GroupAggregate`: `GroupAggregate` performa uma operação de `Group By` em dados ordenados. `Finalize` pois combina o resultado dos workers;

### Tempo gasto na nova Consulta 

    Execution Time: 2145.375 ms
    Execution Time: 2132.586 ms
    Execution Time: 2146.544 ms
    Execution Time: 2157.914 ms
    Execution Time: 2138.669 ms

### Média e Desvio padrão de 5 execuções com os buffers limpos:

| Média Aritmética | Desvio Padrão | Unidade Medida |
|:--------:|:-------------:|:------|
| 2144.2176 | 9.49242 | ms |
